[1628475585.424][INFO]: Starting ChromeDriver 92.0.4515.107 (87a818b10553a07434ea9e2b6dccf3cbe7895134-refs/branch-heads/4515@{#1634}) on port 34643
[1628475585.424][INFO]: Please see https://chromedriver.chromium.org/security-considerations for suggestions on keeping ChromeDriver safe.
[1628475586.052][INFO]: [9ebe810b21aa192855ad821ea4eeffe7] COMMAND InitSession {
   "capabilities": {
      "firstMatch": [ {
         "browserName": "chrome",
         "goog:chromeOptions": {
            "args": [ "user-data-dir=C:\\Users\\user\\AppData\\Local\\Google\\Chrome\\User Data\\Profile 4", "--disable-notifications", "--start-maximized", "--ignore-certificate-errors" ],
            "extensions": [  ]
         }
      } ]
   },
   "desiredCapabilities": {
      "browserName": "chrome",
      "goog:chromeOptions": {
         "args": [ "user-data-dir=C:\\Users\\user\\AppData\\Local\\Google\\Chrome\\User Data\\Profile 4", "--disable-notifications", "--start-maximized", "--ignore-certificate-errors" ],
         "extensions": [  ]
      }
   }
}
[1628475586.080][INFO]: Populating Preferences file: {
   "NewTabPage": {
      "PrevNavigationTime": "13272476091125664"
   },
   "account_id_migration_state": 2,
   "account_tracker_service_last_update": "13272471143516678",
   "alternate_error_pages": {
      "backup": true
   },
   "autocomplete": {
      "retention_policy_last_version": 92
   },
   "autofill": {
      "orphan_rows_removed": true
   },
   "autogenerated": {
      "theme": {
         "color": -3413569
      }
   },
   "browser": {
      "has_seen_welcome_page": true,
      "window_placement": {
         "bottom": 788,
         "left": 335,
         "maximized": true,
         "right": 1125,
         "top": 80,
         "work_area_bottom": 728,
         "work_area_left": 0,
         "work_area_right": 1366,
         "work_area_top": 0
      }
   },
   "countryid_at_install": 18766,
   "data_reduction": {
      "daily_original_length": [ "0", "0", "0", "0", "0", "0", "0", "0", "0", "0", "0", "0", "0", "0", "0", "0", "0", "0", "0", "0", "0", "0", "0", "0", "0", "0", "0", "0", "0", "0", "0", "0", "0", "0", "0", "0", "0", "0", "0", "0", "0", "0", "0", "0", "0", "0", "1619714", "939734", "52837", "0", "0", "0", "102179", "476252", "519269", "0", "83966", "0", "0", "378484" ],
      "daily_received_length": [ "0", "0", "0", "0", "0", "0", "0", "0", "0", "0", "0", "0", "0", "0", "0", "0", "0", "0", "0", "0", "0", "0", "0", "0", "0", "0", "0", "0", "0", "0", "0", "0", "0", "0", "0", "0", "0", "0", "0", "0", "0", "0", "0", "0", "0", "0", "1619714", "939734", "52837", "0", "0", "0", "102179", "476252", "519269", "0", "83966", "0", "0", "378484" ],
      "last_update_date": "13272393600000000",
      "last_week_services_downstream_background_kb": {

      },
      "last_week_services_downstream_foreground_kb": {
         "130931413": 28,
         "35473769": 71,
         "35565745": 3,
         "41424546": 41,
         "54845618": 15,
         "67052219": 0,
         "78917933": 1372,
         "88863520": 0
      },
      "last_week_user_traffic_contenttype_downstream_kb": {

      },
      "this_week_number": 2691,
      "this_week_services_downstream_background_kb": {

      },
      "this_week_services_downstream_foreground_kb": {
         "130931413": 18,
         "35473769": 49,
         "35565745": 0,
         "41424546": 10,
         "54845618": 3,
         "67052219": 0,
         "78917933": 880,
         "88863520": 0
      },
      "this_week_user_traffic_contenttype_downstream_kb": {

      }
   },
   "default_apps_install_state": 3,
   "domain_diversity": {
      "last_reporting_timestamp": "13272471143517044"
   },
   "download": {
      "directory_upgrade": true
   },
   "extensions": {
      "alerts": {
         "initialized": true
      },
      "chrome_url_overrides": {

      },
      "commands": {

      },
      "install_signature": {
         "expire_date": "2021-10-13",
         "ids": [ "aapocclcgogkmnckokdopfmhonfmgoek", "felcaaldnbdncclmgdcncolpebgiejap", "ghbmnnjooekpmoecnnnilnnbdlolhkhi", "ljngjbnaijcbncmcnjfhigebomdlkcjo" ],
         "invalid_ids": [  ],
         "salt": "rkHNrBg4j42uWPk/RElz4UXrwVR+Y1+dUtsVnZfyeRg=",
         "signature": "cFen64WrP+CwOsKVbdN9I8cy3DhZ8bDC2QQf1ntwm5RviUz/ualYgrVcyD0wGLGHmU1qdOGWitwPANHYBh93DoK3xgobS8czKqqhWl8q4coW63VpbJKKp4dqvnN4bi9cNngPtnpczw8lbG35no+8u/auVfXJkhNMXKnRtRgRcUhEjet9o7F/tTSJOjJMTpfBPfbLT8bP5Dbb1GWZHhd4HDTLei+ZuHk2DIz2fN/VF7Ew80iCemXGpxIk3xghcT12S3uDVLZkDuxPkumxehjVidT29Sr7tzZHnJUKfQgQ9QZJxsBBqo6vUBebB+p2qd2bz+23V3PUKt/I8nJcYrRn4g==",
         "signature_format_version": 2,
         "timestamp": "13271324878699972"
      },
      "last_chrome_version": "91.0.4472.164",
      "pinned_extensions": [ "ljngjbnaijcbncmcnjfhigebomdlkcjo" ],
      "theme": {
         "id": "autogenerated_theme_id"
      },
      "toolbar": [ "ljngjbnaijcbncmcnjfhigebomdlkcjo" ]
   },
   "federated_learning": {
      "floc_id": {
         "compute_time": "13271320267399028",
         "finch_config_version": "1",
         "history_begin_time": "0",
         "history_end_time": "0",
         "sorting_lsh_version": "0"
      }
   },
   "gaia_cookie": {
      "changed_time": 1626846667.66686,
      "hash": "2jmj7l5rSw0yVb/vlWAYkK/YBwk=",
      "last_list_accounts_data": "[\"gaia.l.a.r\",[]]"
   },
   "gcm": {
      "product_category_for_subtypes": "com.chrome.windows"
   },
   "google": {
      "services": {
         "signin_scoped_device_id": "ff2b0df8-0a57-441b-9b7f-afbded68cc5e"
      }
   },
   "http_original_content_length": "4172435",
   "http_received_content_length": "4172435",
   "in_product_help": {
      "snoozed_feature": {
         "IPH_ProfileSwitch": {
            "is_dismissed": false,
            "last_show_time": "13271320269307430",
            "last_snooze_duration": "0",
            "last_snooze_time": "0",
            "show_count": 1,
            "snooze_count": 0
         }
      }
   },
   "intl": {
      "selected_languages": "en-US,en"
   },
   "invalidation": {
      "per_sender_topics_to_handler": {
         "1013309121859": {

         },
         "8181035976": {

         }
      }
   },
   "language_model_counters": {
      "en": 109
   },
   "media": {
      "device_id_salt": "4992C034CB16F14F80B46FC7AE34C312",
      "engagement": {
         "schema_version": 4
      }
   },
   "media_router": {
      "receiver_id_hash_token": "vjOwDKQ3y7+maO89n5f0SOHTY2bE7gan1S4x0z5U02NML/CTHB6Nb794QbOz+IVeDPhx8CFFjr9XIyNWhiAWOg=="
   },
   "ntp": {
      "custom_background_local_to_device": false,
      "num_personal_suggestions": 3
   },
   "optimization_guide": {
      "hintsfetcher": {
         "last_fetch_attempt": "13272476096486333"
      }
   },
   "plugins": {
      "plugins_list": [  ]
   },
   "prefetch": {
      "search_prefetch": {
         "cache": {
            "https://www.google.com/search?q=chropath+for+chrome&oq=chropath+&aqs=chrome.1.69i57j0l9.5954j0j7&sourceid=chrome&ie=UTF-8": [ "https://www.google.com/search?q=chropath+for+chrome&oq=chropath+&aqs=chrome.1.69i57j0l9&pf=cs&sourceid=chrome&ie=UTF-8", "13271320489986018" ],
            "https://www.google.com/search?q=facebook&oq=face&aqs=chrome.1.69i57j0i131i433l3j0i433j0j0i433j0i131i433j0i433.2539j0j7&sourceid=chrome&ie=UTF-8": [ "https://www.google.com/search?q=facebook&oq=face&aqs=chrome.1.69i57j0i131i433l3j0i433j0j0i433j0i131i433j0i433&pf=cs&sourceid=chrome&ie=UTF-8", "13271320416781324" ]
         }
      }
   },
   "privacy_sandbox": {
      "preferences_reconciled": true
   },
   "profile": {
      "avatar_bubble_tutorial_shown": 2,
      "avatar_index": 26,
      "content_settings": {
         "enable_quiet_permission_ui_enabling_method": {
            "notifications": 1
         },
         "exceptions": {
            "accessibility_events": {

            },
            "app_banner": {

            },
            "ar": {

            },
            "auto_select_certificate": {

            },
            "automatic_downloads": {

            },
            "autoplay": {

            },
            "background_sync": {

            },
            "bluetooth_chooser_data": {

            },
            "bluetooth_guard": {

            },
            "bluetooth_scanning": {

            },
            "camera_pan_tilt_zoom": {

            },
            "client_hints": {

            },
            "clipboard": {

            },
            "cookies": {

            },
            "durable_storage": {

            },
            "file_handling": {

            },
            "file_system_access_chooser_data": {

            },
            "file_system_last_picked_directory": {

            },
            "file_system_read_guard": {

            },
            "file_system_write_guard": {

            },
            "font_access": {

            },
            "geolocation": {

            },
            "hid_chooser_data": {

            },
            "hid_guard": {

            },
            "idle_detection": {

            },
            "images": {

            },
            "important_site_info": {

            },
            "insecure_private_network": {

            },
            "installed_web_app_metadata": {

            },
            "intent_picker_auto_display": {

            },
            "javascript": {

            },
            "legacy_cookie_access": {

            },
            "media_engagement": {
               "https://accounts.google.com:443,*": {
                  "expiration": "0",
                  "last_modified": "13271320540645426",
                  "model": 0,
                  "setting": {
                     "hasHighScore": false,
                     "lastMediaPlaybackTime": 0.0,
                     "mediaPlaybacks": 0,
                     "visits": 1
                  }
               },
               "https://chrome.google.com:443,*": {
                  "expiration": "0",
                  "last_modified": "13271320543561036",
                  "model": 0,
                  "setting": {
                     "hasHighScore": false,
                     "lastMediaPlaybackTime": 0.0,
                     "mediaPlaybacks": 0,
                     "visits": 1
                  }
               },
               "https://www.amazon.in:443,*": {
                  "expiration": "0",
                  "last_modified": "13272476147060350",
                  "model": 0,
                  "setting": {
                     "hasHighScore": false,
                     "lastMediaPlaybackTime": 0.0,
                     "mediaPlaybacks": 0,
                     "visits": 74
                  }
               },
               "https://www.flipkart.com:443,*": {
                  "expiration": "0",
                  "last_modified": "13271320545592997",
                  "model": 0,
                  "setting": {
                     "hasHighScore": false,
                     "lastMediaPlaybackTime": 0.0,
                     "mediaPlaybacks": 0,
                     "visits": 1
                  }
               },
               "https://www.google.com:443,*": {
                  "expiration": "0",
                  "last_modified": "13271320547196843",
                  "model": 0,
                  "setting": {
                     "hasHighScore": false,
                     "lastMediaPlaybackTime": 0.0,
                     "mediaPlaybacks": 0,
                     "visits": 3
                  }
               }
            },
            "media_stream_camera": {

            },
            "media_stream_mic": {

            },
            "midi_sysex": {

            },
            "mixed_script": {

            },
            "nfc": {

            },
            "notifications": {

            },
            "password_protection": {

            },
            "payment_handler": {

            },
            "permission_autoblocking_data": {

            },
            "permission_autorevocation_data": {

            },
            "popups": {

            },
            "ppapi_broker": {

            },
            "protected_media_identifier": {

            },
            "protocol_handler": {

            },
            "safe_browsing_url_check_data": {

            },
            "sensors": {

            },
            "serial_chooser_data": {

            },
            "serial_guard": {

            },
            "site_engagement": {
               "https://accounts.google.com:443,*": {
                  "expiration": "0",
                  "last_modified": "13272471143851955",
                  "model": 0,
                  "setting": {
                     "lastEngagementTime": 1.327222923009184e+16,
                     "lastShortcutLaunchTime": 0.0,
                     "pointsAddedToday": 3.6,
                     "rawScore": 3.6
                  }
               },
               "https://www.amazon.in:443,*": {
                  "expiration": "0",
                  "last_modified": "13272476094020503",
                  "model": 0,
                  "setting": {
                     "lastEngagementTime": 1.3272476094020472e+16,
                     "lastShortcutLaunchTime": 0.0,
                     "pointsAddedToday": 15.0,
                     "rawScore": 9.396132093080977
                  }
               },
               "https://www.google.com:443,*": {
                  "expiration": "0",
                  "last_modified": "13272471143851996",
                  "model": 0,
                  "setting": {
                     "lastEngagementTime": 1.327222919166724e+16,
                     "lastShortcutLaunchTime": 0.0,
                     "pointsAddedToday": 6.0,
                     "rawScore": 6.0
                  }
               }
            },
            "sound": {

            },
            "ssl_cert_decisions": {

            },
            "storage_access": {

            },
            "subresource_filter": {

            },
            "subresource_filter_data": {

            },
            "usb_chooser_data": {

            },
            "usb_guard": {

            },
            "vr": {

            },
            "webid_request": {

            },
            "webid_share": {

            },
            "window_placement": {

            }
         },
         "pref_version": 1
      },
      "created_by_version": "91.0.4472.164",
      "creation_time": "13271320267172327",
      "exit_type": "Normal",
      "icon_version": 7,
      "last_engagement_time": "13272476094020472",
      "last_time_obsolete_http_credentials_removed": 1626846727.244157,
      "managed_user_id": "",
      "name": "julychromeprofile",
      "password_account_storage_exists": true,
      "password_account_storage_settings": {

      },
      "was_phished_credentials_uploaded_to_sync": true
   },
   "safebrowsing": {
      "event_timestamps": {

      },
      "metrics_last_log_time": "13272471143"
   },
   "sessions": {
      "event_log": [ {
         "tab_count": 1,
         "time": "13272471833986195",
         "type": 2,
         "window_count": 1
      }, {
         "crashed": false,
         "time": "13272471890541039",
         "type": 0
      }, {
         "tab_count": 1,
         "time": "13272471897814634",
         "type": 2,
         "window_count": 1
      }, {
         "crashed": false,
         "time": "13272472062208638",
         "type": 0
      }, {
         "tab_count": 1,
         "time": "13272472068915601",
         "type": 2,
         "window_count": 1
      }, {
         "crashed": false,
         "time": "13272472673773857",
         "type": 0
      }, {
         "tab_count": 1,
         "time": "13272472694149337",
         "type": 2,
         "window_count": 1
      }, {
         "crashed": false,
         "time": "13272472756650265",
         "type": 0
      }, {
         "tab_count": 1,
         "time": "13272472769383941",
         "type": 2,
         "window_count": 1
      }, {
         "crashed": false,
         "time": "13272476091075344",
         "type": 0
      }, {
         "tab_count": 1,
         "time": "13272476147046962",
         "type": 2,
         "window_count": 1
      } ],
      "session_data_status": 3
   },
   "signin": {
      "DiceMigrationComplete": true,
      "allowed": true
   },
   "spellcheck": {
      "dictionaries": [ "en-US" ],
      "dictionary": "",
      "use_spelling_service": false
   },
   "sync": {
      "requested": false
   },
   "token_service": {
      "dice_compatible": true
   },
   "translate_site_blacklist_with_time": {

   },
   "unified_consent": {
      "migration_state": 10
   },
   "web_apps": {
      "did_migrate_default_chrome_apps": [  ],
      "last_preinstall_synchronize_version": "92",
      "system_web_app_failure_count": 0,
      "system_web_app_last_attempted_language": "en-US",
      "system_web_app_last_attempted_update": "92.0.4515.131",
      "system_web_app_last_installed_language": "en-US",
      "system_web_app_last_update": "92.0.4515.131"
   },
   "zerosuggest": {
      "cachedresults": ")]}'\n[\"\",[],[],[],{\"google:clientdata\":{\"bpc\":false,\"tlw\":false},\"google:suggesttype\":[],\"google:verbatimrelevance\":851}]"
   }
}
[1628475586.095][INFO]: Populating Local State file: {
   "autofill": {
      "states_data_dir": "C:\\Users\\user\\AppData\\Local\\Google\\Chrome\\User Data\\Profile 4\\AutofillStates\\2020.11.2.164946"
   },
   "background_mode": {
      "enabled": false
   },
   "browser": {
      "shortcut_migration_version": "91.0.4472.164"
   },
   "data_use_measurement": {
      "data_used": {
         "services": {
            "background": {

            },
            "foreground": {

            }
         },
         "user": {
            "background": {

            },
            "foreground": {

            }
         }
      }
   },
   "hardware_acceleration_mode_previous": true,
   "legacy": {
      "profile": {
         "name": {
            "migrated": true
         }
      }
   },
   "origin_trials": {
      "disabled_features": [ "SecurePaymentConfirmation" ]
   },
   "os_crypt": {
      "encrypted_key": "RFBBUEkBAAAA0Iyd3wEV0RGMegDAT8KX6wEAAAD+dl9jxB5iQpR4DD44vYV2AAAAAAIAAAAAABBmAAAAAQAAIAAAABm/PrfvhdxQxpZt7aU78EMENXFDkwnzbqXwWXEQWMC3AAAAAA6AAAAAAgAAIAAAAAYDobWwqJ7L0cVP9A81wAwWx0gA6QrcMvLIRoZ2nwYtMAAAAOy6FWZHiT5CQWfWX0j//Evh+SphkvTE1H83obmjInV62fh1/IIW36RzA05KuLfxrEAAAAD3Ftmu7PcZyfcv10lCPrrOO3FNFFWJ3hfn6wzKPvaLd9O1Z5r09CxSUFMkCMOlBEe8vzVI5duA0NM8FCiubE4Y"
   },
   "password_manager": {
      "os_password_blank": true,
      "os_password_last_changed": "13272476132120091"
   },
   "policy": {
      "last_statistics_update": "13272471143389097"
   },
   "profile": {
      "info_cache": {
         "Default": {
            "active_time": 1628002491.142098,
            "avatar_icon": "chrome://theme/IDR_PROFILE_AVATAR_26",
            "background_apps": false,
            "default_avatar_fill_color": -3413569,
            "default_avatar_stroke_color": -12354005,
            "gaia_given_name": "",
            "gaia_id": "",
            "gaia_name": "",
            "hosted_domain": "",
            "is_consented_primary_account": false,
            "is_ephemeral": false,
            "is_guest": false,
            "is_using_default_avatar": true,
            "is_using_default_name": false,
            "managed_user_id": "",
            "metrics_bucket_index": 1,
            "name": "julychromeprofile",
            "profile_highlight_color": -3413569,
            "user_name": ""
         }
      },
      "last_active_profiles": [  ],
      "metrics": {
         "next_bucket_index": 2
      },
      "profile_counts_reported": "13272471143392648"
   },
   "profile_network_context_service": {
      "http_cache_finch_experiment_groups": "None None None"
   },
   "shutdown": {
      "num_processes": 5,
      "num_processes_slow": 1,
      "type": 1
   },
   "ssl": {
      "rev_checking": {
         "enabled": false
      }
   },
   "subresource_filter": {
      "ruleset_version": {
         "checksum": 1815104232,
         "content": "9.28.0",
         "format": 30
      }
   },
   "tab_stats": {
      "last_daily_sample": "13272471143505568",
      "max_tabs_per_window": 1,
      "total_tab_count_max": 1,
      "window_count_max": 1
   },
   "ukm": {
      "persisted_logs": [  ]
   },
   "uninstall_metrics": {
      "installation_date2": "1601018934"
   },
   "updateclientdata": {
      "apps": {
         "aemomkdncapdnfajjbbcbdebjljbpmpj": {
            "cohort": "1::",
            "cohortname": "",
            "dlrc": 5323,
            "pf": "3be69aa1-f720-4270-bbcc-351e5300e564"
         },
         "cmahhnpholdijhjokonmfdjbfmklppij": {
            "cohort": "1:wr3:",
            "cohorthint": "Auto",
            "cohortname": "Auto",
            "dlrc": 5323,
            "fp": "1.b4ddbdce4f8d5c080328aa34c19cb533f2eedec580b5d97dc14f74935e4756b7",
            "pf": "572ff07a-1549-4d6e-ab1b-df0ca7a20806",
            "pv": "1.0.6"
         },
         "dhlpobdgcjafebgbbhjdnapejmpkgiie": {
            "cohort": "1:z9x:",
            "cohorthint": "Auto",
            "cohortname": "Auto",
            "dlrc": 5323,
            "fp": "1.3eeded944371798374de67d1fa7bb8f32f90a7cd502b04ee71e0de0cf79e2a11",
            "pf": "b82a888d-db4a-41f8-96ca-dbb9ae30681a",
            "pv": "20210609.1"
         },
         "eeigpngbgcognadeebkilcpcaedhellh": {
            "cohort": "1:w59:",
            "cohorthint": "Auto",
            "cohortname": "Auto",
            "dlrc": 5323,
            "fp": "1.c64c9c1008f3ba5f6e18b3ca524bc98dcd8acfae0a2720a8f1f3ef0f8d643d05",
            "pf": "d2518bc6-8931-4951-a2ee-c2eea0ea9b1f",
            "pv": "2020.11.2.164946"
         },
         "ehgidpndbllacpjalkiimkbadgjfnnmc": {
            "cohort": "1:ofl:",
            "cohorthint": "stable64",
            "cohortname": "stable64",
            "dlrc": 5323,
            "fp": "1.a8a79d350c2a5e3bc36226633a8e0bed0dfab184e77f38fc8f0820ebacf8eafc",
            "pf": "ede3faae-c0e1-45ac-8355-b40a80caa9b1",
            "pv": "2018.8.8.0"
         },
         "gcmjkmgdlgnkkcocmoeiminaijmmjnii": {
            "cohort": "1:bm1:1069@0.01,1089@0.1",
            "cohorthint": "M54ToM99",
            "cohortname": "M54ToM99",
            "dlrc": 5323,
            "fp": "1.91ee417000553ca22ed67530545c4177a08e7ffcf602c292a71bd89ecd0568a5",
            "pf": "416110d4-4f88-42dc-b909-cc2d8ea2201f",
            "pv": "9.28.0"
         },
         "ggkkehgbnfjpeggfpleeakpidbkibbmn": {
            "cohort": "1:ut9:",
            "cohorthint": "M80ToM99",
            "cohortname": "M80ToM99",
            "dlrc": 5323,
            "fp": "1.74566c4cadcd80a841c10f0636c336a7bb1b94f31a05d7e45ae8b385bfbf53ff",
            "pf": "90360ee2-19d6-4979-9aaf-628c77128f53",
            "pv": "2021.7.19.1143"
         },
         "giekcmmlnklenlaomppkphknjmnnpneh": {
            "cohort": "1:j5l:",
            "cohorthint": "Auto",
            "cohortname": "Auto",
            "dlrc": 5323,
            "fp": "1.fd515ec0dc30d25a09641b8b83729234bc50f4511e35ce17d24fd996252eaace",
            "pf": "adbb6d35-bfb2-44ba-8fd5-75f2a48454ec",
            "pv": "7"
         },
         "gkmgaooipdjhmangpemjhigmamcehddo": {
            "cohort": "1::",
            "cohortname": "",
            "dlrc": 5323,
            "pf": "d0a91085-16db-4dcb-b672-39f63ffe0efa"
         },
         "hfnkpimlhhgieaddgfemjhofmfblmnib": {
            "cohort": "1:jcl:",
            "cohorthint": "Auto",
            "cohortname": "Auto",
            "dlrc": 5323,
            "fp": "1.23aa2e741e57cc70432bb4927ad2564e1d5d8f3c36dbc815c79ce93594c0f69b",
            "pf": "e53a35fd-cebd-4103-9aa2-f5878ca34a79",
            "pv": "6759"
         },
         "hnimpnehoodheedghdeeijklkeaacbdc": {
            "cohort": "1::",
            "cohortname": "",
            "dlrc": 5323,
            "fp": "1.6f6bc93dcd62dc251850d2ff458fda96083ceb7fbe8eeb11248b8485ef2aea23",
            "pf": "576f7804-a571-4208-ab25-5df31ccfac5c",
            "pv": "0.57.44.2492"
         },
         "ihnlcenocehgdaegdmhbidjhnhdchfmm": {
            "cohort": "1::",
            "cohortname": "",
            "dlrc": 5323,
            "pf": "bde070e5-cc0f-42c6-ab6b-be5b9e61826c"
         },
         "imefjhfbkmcmebodilednhmaccmincoa": {
            "cohort": "1:zor:",
            "cohorthint": "Auto",
            "cohortname": "Auto",
            "dlrc": 5323,
            "fp": "1.58e200da225ccbe9590ed1dddfa8532dfb61a457cce7c7a38e522c98d1d36448",
            "pf": "0832e6fc-33c1-49c0-9493-92da3b23c5b3",
            "pv": "25"
         },
         "jamhcnnkihinmdlkakkaopbjbbcngflc": {
            "cohort": "1:wvr:",
            "cohorthint": "Auto",
            "cohortname": "Auto",
            "dlrc": 5323,
            "fp": "1.74c1e3039a2ff5440570e8cf45abbb396c813a110daf6c3cf0c5ad6be9095286",
            "pf": "187af379-a3c0-4bf8-810b-7338fe9d1a28",
            "pv": "94.0.4590.0"
         },
         "jflookgnkcckhobaglndicnbbgbonegd": {
            "cohort": "1:s7x:",
            "cohorthint": "Auto",
            "cohortname": "Auto",
            "dlrc": 5323,
            "fp": "1.4ed473f003e6f3bd3da930ccead0aaa2b09a73720ccea43ca6037ccdc67d6c04",
            "pf": "b43fc8f1-7809-4e17-b4a2-f33d27b4f23b",
            "pv": "2664"
         },
         "khaoiebndkojlmppeemjhbpbandiljpe": {
            "cohort": "1:cux:",
            "cohorthint": "Auto",
            "cohortname": "Auto",
            "dlrc": 5323,
            "fp": "1.ffd1d2d75a8183b0a1081bd03a7ce1d140fded7a9fb52cf3ae864cd4d408ceb4",
            "pf": "3ea26bdc-f244-44c6-b129-9d6374fb40f3",
            "pv": "43"
         },
         "llkgjffcdpffmhiakmfcdcblohccpfmo": {
            "cohort": "1::",
            "cohortname": "",
            "dlrc": 5323,
            "fp": "1.2731bdeddb1470bf2f7ae9c585e7315be52a8ce98b8af698ece8e500426e378a",
            "pf": "7996e8a0-fc1d-48da-9e62-9c9117d6cc15",
            "pv": "1.0.0.8"
         },
         "lmelglejhemejginpboagddgdfbepgmp": {
            "cohort": "1:lwl:",
            "cohorthint": "Auto",
            "cohortname": "Auto",
            "dlrc": 5323,
            "fp": "1.0e5157ab4741e41f4449cd35404256faf1279f4e653f843d932671f3dbb02dc4",
            "pf": "6a7b5416-0492-41b7-820d-65f0b61180f5",
            "pv": "290"
         },
         "obedbbhbpmojnkanicioggnmelmoomoc": {
            "cohort": "1:s6f:",
            "cohorthint": "Auto",
            "cohortname": "Auto",
            "dlrc": 5323,
            "fp": "1.c57986b04117f32870aaed232460fc4245acfb427444fd9dcdeb8e8e9c3a56bd",
            "pf": "500de4bc-78cf-447f-bd26-53a34b11d7f1",
            "pv": "20210716.385544854"
         },
         "oimompecagnajdejgnnjijobebaeigek": {
            "cohort": "1::",
            "cohortname": "",
            "dlrc": 5323,
            "pf": "c58d4cae-77c0-40d6-a0eb-aec97e69d151"
         },
         "ojhpjlocmbogdgmfpkhlaaeamibhnphh": {
            "cohort": "1:w0x:",
            "cohorthint": "Auto",
            "cohortname": "Auto",
            "dlrc": 5323,
            "fp": "1.478aa915e78878e332a0b4bb4d2a6fb67ff1c7f7b62fe906f47095ba5ae112d0",
            "pf": "133737a7-e019-4e77-9d7e-bbffde8ff22a",
            "pv": "1"
         },
         "pdafiollngonhoadbmdoemagnfpdphbe": {
            "cohort": "1:vz3:",
            "cohorthint": "Auto",
            "cohortname": "Auto",
            "dlrc": 5323,
            "fp": "1.baeb7c645c7704139756b02bf2741430d94ea3835fb1de77fef1057d8c844655",
            "pf": "f03289e1-e770-4b3e-9681-2906e7c896aa",
            "pv": "2021.2.22.1142"
         }
      }
   },
   "user_experience_metrics": {
      "client_id2": "27b74fab-6a31-4c2e-85c4-5855548bd62e",
      "client_id_timestamp": "1601018934",
      "low_entropy_source3": 1371,
      "machine_id": 7449463,
      "pseudo_low_entropy_source": 3661,
      "session_id": 71,
      "stability": {
         "browser_last_live_timestamp": "13272476147119439",
         "child_process_crash_count": 0,
         "crash_count": 0,
         "exited_cleanly": true,
         "extension_renderer_crash_count": 0,
         "extension_renderer_failed_launch_count": 0,
         "extension_renderer_launch_count": 9,
         "gpu_crash_count": 0,
         "incomplete_session_end_count": 0,
         "launch_count": 9,
         "page_load_count": 36,
         "plugin_stats2": [  ],
         "renderer_crash_count": 0,
         "renderer_failed_launch_count": 0,
         "renderer_hang_count": 0,
         "renderer_launch_count": 54,
         "session_end_completed": true,
         "stats_buildtime": "1627672392",
         "stats_version": "92.0.4515.131-64",
         "system_crash_count": 0
      }
   },
   "was": {
      "restarted": false
   }
}
[1628475586.102][INFO]: Launching chrome: "C:\Program Files\Google\Chrome\Application\chrome.exe" --allow-pre-commit-input --disable-background-networking --disable-backgrounding-occluded-windows --disable-client-side-phishing-detection --disable-default-apps --disable-hang-monitor --disable-notifications --disable-popup-blocking --disable-prompt-on-repost --disable-sync --enable-automation --enable-blink-features=ShadowDOMV0 --enable-logging --ignore-certificate-errors --log-level=0 --no-first-run --no-service-autorun --password-store=basic --remote-debugging-port=0 --start-maximized --test-type=webdriver --use-mock-keychain --user-data-dir="C:\Users\user\AppData\Local\Google\Chrome\User Data\Profile 4"
[1628475586.762][INFO]: resolved localhost to ["::1","127.0.0.1"]
[1628475586.772][INFO]: [9ebe810b21aa192855ad821ea4eeffe7] RESPONSE InitSession {
   "capabilities": {
      "acceptInsecureCerts": false,
      "browserName": "chrome",
      "browserVersion": "92.0.4515.131",
      "chrome": {
         "chromedriverVersion": "92.0.4515.107 (87a818b10553a07434ea9e2b6dccf3cbe7895134-refs/branch-heads/4515@{#1634})",
         "userDataDir": "C:\\Users\\user\\AppData\\Local\\Google\\Chrome\\User Data\\Profile 4"
      },
      "goog:chromeOptions": {
         "debuggerAddress": "localhost:56021"
      },
      "networkConnectionEnabled": false,
      "pageLoadStrategy": "normal",
      "platformName": "windows",
      "proxy": {

      },
      "setWindowRect": true,
      "strictFileInteractability": false,
      "timeouts": {
         "implicit": 0,
         "pageLoad": 300000,
         "script": 30000
      },
      "unhandledPromptBehavior": "dismiss and notify",
      "webauthn:extension:credBlob": true,
      "webauthn:extension:largeBlob": true,
      "webauthn:virtualAuthenticators": true
   },
   "sessionId": "9ebe810b21aa192855ad821ea4eeffe7"
}
[1628475586.818][INFO]: [9ebe810b21aa192855ad821ea4eeffe7] COMMAND SetTimeouts {
   "pageLoad": 30000
}
[1628475586.818][INFO]: [9ebe810b21aa192855ad821ea4eeffe7] RESPONSE SetTimeouts
[1628475586.834][INFO]: [9ebe810b21aa192855ad821ea4eeffe7] COMMAND Navigate {
   "url": "https://www.amazon.in"
}
[1628475586.878][INFO]: Waiting for pending navigations...
[1628475586.880][INFO]: Done waiting for pending navigations. Status: ok
[1628475587.508][INFO]: Waiting for pending navigations...
[1628475589.776][INFO]: Done waiting for pending navigations. Status: ok
[1628475589.776][INFO]: [9ebe810b21aa192855ad821ea4eeffe7] RESPONSE Navigate
[1628475589.797][INFO]: [9ebe810b21aa192855ad821ea4eeffe7] COMMAND SetTimeouts {
   "pageLoad": 30000
}
[1628475589.797][INFO]: [9ebe810b21aa192855ad821ea4eeffe7] RESPONSE SetTimeouts
[1628475589.813][INFO]: [9ebe810b21aa192855ad821ea4eeffe7] COMMAND MaximizeWindow {

}
[1628475589.813][INFO]: Waiting for pending navigations...
[1628475589.816][INFO]: Done waiting for pending navigations. Status: ok
[1628475589.817][INFO]: resolved localhost to ["::1","127.0.0.1"]
[1628475589.820][INFO]: Waiting for pending navigations...
[1628475589.821][INFO]: Done waiting for pending navigations. Status: ok
[1628475589.821][INFO]: [9ebe810b21aa192855ad821ea4eeffe7] RESPONSE MaximizeWindow {
   "height": 744,
   "width": 1382,
   "x": -8,
   "y": -8
}
[1628475589.825][INFO]: [9ebe810b21aa192855ad821ea4eeffe7] COMMAND GetTitle {

}
[1628475589.825][INFO]: Waiting for pending navigations...
[1628475589.827][INFO]: Done waiting for pending navigations. Status: ok
[1628475589.831][INFO]: Waiting for pending navigations...
[1628475589.832][INFO]: Done waiting for pending navigations. Status: ok
[1628475589.832][INFO]: [9ebe810b21aa192855ad821ea4eeffe7] RESPONSE GetTitle "Online Shopping site in India: Shop Online for Mobiles, Books, Watches, Shoes and More - Amazon.in"
[1628475589.836][INFO]: [9ebe810b21aa192855ad821ea4eeffe7] COMMAND GetUrl {

}
[1628475589.836][INFO]: Waiting for pending navigations...
[1628475589.837][INFO]: Done waiting for pending navigations. Status: ok
[1628475589.841][INFO]: Waiting for pending navigations...
[1628475589.843][INFO]: Done waiting for pending navigations. Status: ok
[1628475589.843][INFO]: [9ebe810b21aa192855ad821ea4eeffe7] RESPONSE GetUrl "https://www.amazon.in/"
[1628475589.860][INFO]: [9ebe810b21aa192855ad821ea4eeffe7] COMMAND DeleteAllCookies {

}
[1628475589.860][INFO]: Waiting for pending navigations...
[1628475589.903][INFO]: Done waiting for pending navigations. Status: ok
[1628475589.987][INFO]: Waiting for pending navigations...
[1628475589.988][INFO]: Done waiting for pending navigations. Status: ok
[1628475589.988][INFO]: [9ebe810b21aa192855ad821ea4eeffe7] RESPONSE DeleteAllCookies
[1628475590.000][INFO]: [9ebe810b21aa192855ad821ea4eeffe7] COMMAND GoBack {

}
[1628475590.000][INFO]: Waiting for pending navigations...
[1628475590.002][INFO]: Done waiting for pending navigations. Status: ok
[1628475590.090][INFO]: Waiting for pending navigations...
[1628475590.280][INFO]: Done waiting for pending navigations. Status: ok
[1628475590.280][INFO]: [9ebe810b21aa192855ad821ea4eeffe7] RESPONSE GoBack
[1628475595.307][INFO]: [9ebe810b21aa192855ad821ea4eeffe7] COMMAND GoForward {

}
[1628475595.311][INFO]: Waiting for pending navigations...
[1628475595.315][INFO]: Done waiting for pending navigations. Status: ok
[1628475595.323][INFO]: Waiting for pending navigations...
[1628475596.242][INFO]: Done waiting for pending navigations. Status: ok
[1628475596.242][INFO]: [9ebe810b21aa192855ad821ea4eeffe7] RESPONSE GoForward
[1628475601.265][INFO]: [9ebe810b21aa192855ad821ea4eeffe7] COMMAND Refresh {

}
[1628475601.270][INFO]: Waiting for pending navigations...
[1628475601.274][INFO]: Done waiting for pending navigations. Status: ok
[1628475601.276][INFO]: Waiting for pending navigations...
[1628475601.282][INFO]: Done waiting for pending navigations. Status: ok
[1628475601.282][INFO]: [9ebe810b21aa192855ad821ea4eeffe7] RESPONSE Refresh
[1628475601.296][INFO]: [9ebe810b21aa192855ad821ea4eeffe7] COMMAND Quit {

}
[1628475601.584][INFO]: [9ebe810b21aa192855ad821ea4eeffe7] RESPONSE Quit
