Initiating the Property Files.....
Opened the ChromeDriver :- chrome
Navigated to app :-https://www.amazon.in
Selected the option Books By using locator :-searchDropdownBox
Entered the text HarryPotter By using locator :- field-keywords
Clicked on Button By using locator :- #nav-search-submit-button
Initiating the Property Files.....
Opened the ChromeDriver :- chrome
Navigated to app :-https://www.amazon.in
Initiating the Property Files.....
Opened the ChromeDriver :- chrome
Navigated to app :-https://www.amazon.in
Selected the option Books By using locator :-searchDropdownBox
Entered the text HarryPotter By using locator :- field-keywords
Clicked on Button By using locator :- #nav-search-submit-button
Initiating the Property Files.....
Opened the ChromeDriver :- chrome
Navigated to app :-https://www.amazon.in
Selected the option Books By using locator :-searchDropdownBox
Entered the text HarryPotter By using locator :- field-keywords
Clicked on Button By using locator :- #nav-search-submit-button
Initiating the Property Files.....
Initiating the Property Files.....
Opened the ChromeDriver :- chrome
Navigated to app :-https://www.amazon.in
Selected the option Books By using locator :-searchDropdownBox
Entered the text HarryPotter By using locator :- field-keywords
Clicked on Button By using locator :- #nav-search-submit-button
